<?xml version="1.0" encoding="UTF-8"?>
<testsuite xmlns:xsi="http://www.w3.org/2001/XMLSchema-instance" xsi:noNamespaceSchemaLocation="https://maven.apache.org/surefire/maven-surefire-plugin/xsd/surefire-test-report.xsd" name="tmcowley.appserver.APITest" time="11.36" tests="2" errors="0" skipped="0" failures="0">
  <properties>
[...]
</properties>
  <testcase name="api_test" classname="tmcowley.appserver.APITest" time="6.269"/>
  <testcase name="testSubmit" classname="tmcowley.appserver.APITest" time="0.004"/>
</testsuite>